<?xml version="1.0" encoding="UTF-8"?>
<testng-results ignored="0" total="2" passed="2" failed="0" skipped="0">
  <reporter-output>
  </reporter-output>
  <suite started-at="2023-04-27T00:19:57 IST" name="Default suite" finished-at="2023-04-27T00:20:51 IST" duration-ms="53986">
    <groups>
    </groups>
    <test started-at="2023-04-27T00:19:57 IST" name="Default test" finished-at="2023-04-27T00:20:51 IST" duration-ms="53986">
      <class name="freamwork_design_scripts_System_Test_Cases.Load_test_Register_login">
        <test-method is-config="true" signature="openapplication()[pri:0, instance:freamwork_design_scripts_System_Test_Cases.Load_test_Register_login@384ad17b]" started-at="2023-04-27T00:19:57 IST" name="openapplication" finished-at="2023-04-27T00:20:02 IST" duration-ms="5092" status="PASS">
          <reporter-output>
          </reporter-output>
        </test-method> <!-- openapplication -->
        <test-method signature="registration_test()[pri:1, instance:freamwork_design_scripts_System_Test_Cases.Load_test_Register_login@384ad17b]" started-at="2023-04-27T00:20:02 IST" name="registration_test" finished-at="2023-04-27T00:20:17 IST" duration-ms="15217" status="PASS">
          <reporter-output>
          </reporter-output>
        </test-method> <!-- registration_test -->
        <test-method is-config="true" signature="closeapplication()[pri:0, instance:freamwork_design_scripts_System_Test_Cases.Load_test_Register_login@384ad17b]" started-at="2023-04-27T00:20:17 IST" name="closeapplication" finished-at="2023-04-27T00:20:18 IST" duration-ms="830" status="PASS">
          <reporter-output>
          </reporter-output>
        </test-method> <!-- closeapplication -->
        <test-method is-config="true" signature="openapplication()[pri:0, instance:freamwork_design_scripts_System_Test_Cases.Load_test_Register_login@384ad17b]" started-at="2023-04-27T00:20:18 IST" name="openapplication" finished-at="2023-04-27T00:20:25 IST" duration-ms="6620" status="PASS">
          <reporter-output>
          </reporter-output>
        </test-method> <!-- openapplication -->
        <test-method signature="login_test()[pri:2, instance:freamwork_design_scripts_System_Test_Cases.Load_test_Register_login@384ad17b]" started-at="2023-04-27T00:20:25 IST" name="login_test" finished-at="2023-04-27T00:20:50 IST" duration-ms="24772" status="PASS">
          <reporter-output>
          </reporter-output>
        </test-method> <!-- login_test -->
        <test-method is-config="true" signature="closeapplication()[pri:0, instance:freamwork_design_scripts_System_Test_Cases.Load_test_Register_login@384ad17b]" started-at="2023-04-27T00:20:50 IST" name="closeapplication" finished-at="2023-04-27T00:20:51 IST" duration-ms="1370" status="PASS">
          <reporter-output>
          </reporter-output>
        </test-method> <!-- closeapplication -->
      </class> <!-- freamwork_design_scripts_System_Test_Cases.Load_test_Register_login -->
    </test> <!-- Default test -->
  </suite> <!-- Default suite -->
</testng-results>
